<?xml version="1.0" encoding="UTF-8"?>
<testsuite name="Actualizar perfil" tests="1" skipped="0" failures="0" errors="0" timestamp="2020-08-27T06:11:27" hostname="LAPTOP-VBACU44A" time="225.361">
  <properties/>
  <testcase name="Validar la actualizaciòn de la informacion personal" classname="Actualizar perfil" time="225.361"/>
  <system-out><![CDATA[]]></system-out>
  <system-err><![CDATA[ago 27, 2020 1:11:30 AM org.openqa.selenium.remote.DesiredCapabilities chrome
INFORMACIÓN: Using `new ChromeOptions()` is preferred to `DesiredCapabilities.chrome()`
[Test worker] INFO net.serenitybdd.core.webdriver.driverproviders.ProvideNewDriver - Instantiating driver
[Test worker] INFO net.serenitybdd.core.webdriver.driverproviders.ProvideNewDriver - Driver capabilities: Capabilities {acceptInsecureCerts: false, browserName: chrome, goog:chromeOptions: {args: [--enable-automation, --test-type], extensions: []}, platform: ANY, version: }
Starting ChromeDriver 84.0.4147.30 (48b3e868b4cc0aa7e8149519690b6f6949e110a8-refs/branch-heads/4147@{#310}) on port 6408
Only local connections are allowed.
Please see https://chromedriver.chromium.org/security-considerations for suggestions on keeping ChromeDriver safe.
ChromeDriver was started successfully.
[1598508754.257][WARNING]: Timed out connecting to Chrome, retrying...
ago 27, 2020 1:13:08 AM org.openqa.selenium.remote.ProtocolHandshake createSession
INFORMACIÓN: Detected dialect: W3C
[1598508814.175][SEVERE]: Timed out receiving message from renderer: 10.000
[1598508814.176][WARNING]: screenshot failed, retrying timeout: Timed out receiving message from renderer: 10.000
[1598508824.176][SEVERE]: Timed out receiving message from renderer: 10.000
[Test worker] INFO net.thucydides.core.steps.ConsoleLoggingListener - 
        __    _____ _____ ____ _____   ____   _    ____  ____  _____ ____  
  _     \ \  |_   _| ____/ ___|_   _| |  _ \ / \  / ___|/ ___|| ____|  _ \ 
 (_)_____| |   | | |  _| \___ \ | |   | |_) / _ \ \___ \\___ \|  _| | | | |
  _|_____| |   | | | |___ ___) || |   |  __/ ___ \ ___) |___) | |___| |_| |
 (_)     | |   |_| |_____|____/ |_|   |_| /_/   \_\____/|____/|_____|____/ 
        /_/                                                                

TEST PASSED: Validar la actualizaciòn de la informacion personal
----------------------------------------------------------------------------
]]></system-err>
</testsuite>
